0 info it worked if it ends with ok
1 verbose cli [ '/usr/bin/node', '/usr/bin/npm', 'install' ]
2 info using npm@1.4.28
3 info using node@v0.10.40
4 verbose node symlink /usr/bin/node
5 warn package.json NOT-APP@0.0.0 No repository field.
6 verbose readDependencies using package.json deps
7 verbose install where, deps [ '/home/somesh/Desktop/node_twitter',
7 verbose install   [ 'socket.io',
7 verbose install     'express',
7 verbose install     'jade',
7 verbose install     'ejs',
7 verbose install     'twit',
7 verbose install     'angular',
7 verbose install     'bootstrap',
7 verbose install     'winston',
7 verbose install     'morgan' ] ]
8 info preinstall NOT-APP@0.0.0
9 verbose readDependencies using package.json deps
10 verbose cache add [ 'ejs@ejs', null ]
11 verbose cache add name=undefined spec="ejs@ejs" args=["ejs@ejs",null]
12 verbose parsed url { protocol: null,
12 verbose parsed url   slashes: null,
12 verbose parsed url   auth: null,
12 verbose parsed url   host: null,
12 verbose parsed url   port: null,
12 verbose parsed url   hostname: null,
12 verbose parsed url   hash: null,
12 verbose parsed url   search: null,
12 verbose parsed url   query: null,
12 verbose parsed url   pathname: 'ejs@ejs',
12 verbose parsed url   path: 'ejs@ejs',
12 verbose parsed url   href: 'ejs@ejs' }
13 verbose cache add [ 'twit@latest', null ]
14 verbose cache add name=undefined spec="twit@latest" args=["twit@latest",null]
15 verbose parsed url { protocol: null,
15 verbose parsed url   slashes: null,
15 verbose parsed url   auth: null,
15 verbose parsed url   host: null,
15 verbose parsed url   port: null,
15 verbose parsed url   hostname: null,
15 verbose parsed url   hash: null,
15 verbose parsed url   search: null,
15 verbose parsed url   query: null,
15 verbose parsed url   pathname: 'twit@latest',
15 verbose parsed url   path: 'twit@latest',
15 verbose parsed url   href: 'twit@latest' }
16 verbose cache add [ 'angular@latest', null ]
17 verbose cache add name=undefined spec="angular@latest" args=["angular@latest",null]
18 verbose parsed url { protocol: null,
18 verbose parsed url   slashes: null,
18 verbose parsed url   auth: null,
18 verbose parsed url   host: null,
18 verbose parsed url   port: null,
18 verbose parsed url   hostname: null,
18 verbose parsed url   hash: null,
18 verbose parsed url   search: null,
18 verbose parsed url   query: null,
18 verbose parsed url   pathname: 'angular@latest',
18 verbose parsed url   path: 'angular@latest',
18 verbose parsed url   href: 'angular@latest' }
19 verbose cache add name="ejs" spec="ejs" args=["ejs","ejs"]
20 verbose parsed url { protocol: null,
20 verbose parsed url   slashes: null,
20 verbose parsed url   auth: null,
20 verbose parsed url   host: null,
20 verbose parsed url   port: null,
20 verbose parsed url   hostname: null,
20 verbose parsed url   hash: null,
20 verbose parsed url   search: null,
20 verbose parsed url   query: null,
20 verbose parsed url   pathname: 'ejs',
20 verbose parsed url   path: 'ejs',
20 verbose parsed url   href: 'ejs' }
21 verbose addNamed [ 'ejs', 'ejs' ]
22 verbose addNamed [ null, null ]
23 verbose cache add name="twit" spec="latest" args=["twit","latest"]
24 verbose parsed url { protocol: null,
24 verbose parsed url   slashes: null,
24 verbose parsed url   auth: null,
24 verbose parsed url   host: null,
24 verbose parsed url   port: null,
24 verbose parsed url   hostname: null,
24 verbose parsed url   hash: null,
24 verbose parsed url   search: null,
24 verbose parsed url   query: null,
24 verbose parsed url   pathname: 'latest',
24 verbose parsed url   path: 'latest',
24 verbose parsed url   href: 'latest' }
25 verbose addNamed [ 'twit', 'latest' ]
26 verbose addNamed [ null, null ]
27 verbose cache add name="angular" spec="latest" args=["angular","latest"]
28 verbose parsed url { protocol: null,
28 verbose parsed url   slashes: null,
28 verbose parsed url   auth: null,
28 verbose parsed url   host: null,
28 verbose parsed url   port: null,
28 verbose parsed url   hostname: null,
28 verbose parsed url   hash: null,
28 verbose parsed url   search: null,
28 verbose parsed url   query: null,
28 verbose parsed url   pathname: 'latest',
28 verbose parsed url   path: 'latest',
28 verbose parsed url   href: 'latest' }
29 verbose addNamed [ 'angular', 'latest' ]
30 verbose addNamed [ null, null ]
31 verbose cache add [ 'bootstrap@latest', null ]
32 verbose cache add name=undefined spec="bootstrap@latest" args=["bootstrap@latest",null]
33 verbose parsed url { protocol: null,
33 verbose parsed url   slashes: null,
33 verbose parsed url   auth: null,
33 verbose parsed url   host: null,
33 verbose parsed url   port: null,
33 verbose parsed url   hostname: null,
33 verbose parsed url   hash: null,
33 verbose parsed url   search: null,
33 verbose parsed url   query: null,
33 verbose parsed url   pathname: 'bootstrap@latest',
33 verbose parsed url   path: 'bootstrap@latest',
33 verbose parsed url   href: 'bootstrap@latest' }
34 verbose cache add [ 'winston@latest', null ]
35 verbose cache add name=undefined spec="winston@latest" args=["winston@latest",null]
36 verbose parsed url { protocol: null,
36 verbose parsed url   slashes: null,
36 verbose parsed url   auth: null,
36 verbose parsed url   host: null,
36 verbose parsed url   port: null,
36 verbose parsed url   hostname: null,
36 verbose parsed url   hash: null,
36 verbose parsed url   search: null,
36 verbose parsed url   query: null,
36 verbose parsed url   pathname: 'winston@latest',
36 verbose parsed url   path: 'winston@latest',
36 verbose parsed url   href: 'winston@latest' }
37 verbose cache add [ 'morgan@latest', null ]
38 verbose cache add name=undefined spec="morgan@latest" args=["morgan@latest",null]
39 verbose parsed url { protocol: null,
39 verbose parsed url   slashes: null,
39 verbose parsed url   auth: null,
39 verbose parsed url   host: null,
39 verbose parsed url   port: null,
39 verbose parsed url   hostname: null,
39 verbose parsed url   hash: null,
39 verbose parsed url   search: null,
39 verbose parsed url   query: null,
39 verbose parsed url   pathname: 'morgan@latest',
39 verbose parsed url   path: 'morgan@latest',
39 verbose parsed url   href: 'morgan@latest' }
40 silly lockFile c5d3bcac-ejs-ejs ejs@ejs
41 verbose lock ejs@ejs /home/somesh/.npm/c5d3bcac-ejs-ejs.lock
42 silly lockFile 1795233f-twit-latest twit@latest
43 verbose lock twit@latest /home/somesh/.npm/1795233f-twit-latest.lock
44 silly lockFile 6c758ed7-angular-latest angular@latest
45 verbose lock angular@latest /home/somesh/.npm/6c758ed7-angular-latest.lock
46 verbose cache add name="bootstrap" spec="latest" args=["bootstrap","latest"]
47 verbose parsed url { protocol: null,
47 verbose parsed url   slashes: null,
47 verbose parsed url   auth: null,
47 verbose parsed url   host: null,
47 verbose parsed url   port: null,
47 verbose parsed url   hostname: null,
47 verbose parsed url   hash: null,
47 verbose parsed url   search: null,
47 verbose parsed url   query: null,
47 verbose parsed url   pathname: 'latest',
47 verbose parsed url   path: 'latest',
47 verbose parsed url   href: 'latest' }
48 verbose addNamed [ 'bootstrap', 'latest' ]
49 verbose addNamed [ null, null ]
50 silly lockFile 77e03313-bootstrap-latest bootstrap@latest
51 verbose lock bootstrap@latest /home/somesh/.npm/77e03313-bootstrap-latest.lock
52 verbose cache add name="winston" spec="latest" args=["winston","latest"]
53 verbose parsed url { protocol: null,
53 verbose parsed url   slashes: null,
53 verbose parsed url   auth: null,
53 verbose parsed url   host: null,
53 verbose parsed url   port: null,
53 verbose parsed url   hostname: null,
53 verbose parsed url   hash: null,
53 verbose parsed url   search: null,
53 verbose parsed url   query: null,
53 verbose parsed url   pathname: 'latest',
53 verbose parsed url   path: 'latest',
53 verbose parsed url   href: 'latest' }
54 verbose addNamed [ 'winston', 'latest' ]
55 verbose addNamed [ null, null ]
56 silly lockFile 5cafa890-winston-latest winston@latest
57 verbose lock winston@latest /home/somesh/.npm/5cafa890-winston-latest.lock
58 verbose cache add name="morgan" spec="latest" args=["morgan","latest"]
59 verbose parsed url { protocol: null,
59 verbose parsed url   slashes: null,
59 verbose parsed url   auth: null,
59 verbose parsed url   host: null,
59 verbose parsed url   port: null,
59 verbose parsed url   hostname: null,
59 verbose parsed url   hash: null,
59 verbose parsed url   search: null,
59 verbose parsed url   query: null,
59 verbose parsed url   pathname: 'latest',
59 verbose parsed url   path: 'latest',
59 verbose parsed url   href: 'latest' }
60 verbose addNamed [ 'morgan', 'latest' ]
61 verbose addNamed [ null, null ]
62 silly lockFile d2a09fff-morgan-latest morgan@latest
63 verbose lock morgan@latest /home/somesh/.npm/d2a09fff-morgan-latest.lock
64 verbose cache add [ 'socket.io@latest', null ]
65 verbose cache add name=undefined spec="socket.io@latest" args=["socket.io@latest",null]
66 verbose parsed url { protocol: null,
66 verbose parsed url   slashes: null,
66 verbose parsed url   auth: null,
66 verbose parsed url   host: null,
66 verbose parsed url   port: null,
66 verbose parsed url   hostname: null,
66 verbose parsed url   hash: null,
66 verbose parsed url   search: null,
66 verbose parsed url   query: null,
66 verbose parsed url   pathname: 'socket.io@latest',
66 verbose parsed url   path: 'socket.io@latest',
66 verbose parsed url   href: 'socket.io@latest' }
67 verbose cache add [ 'express@latest', null ]
68 verbose cache add name=undefined spec="express@latest" args=["express@latest",null]
69 verbose parsed url { protocol: null,
69 verbose parsed url   slashes: null,
69 verbose parsed url   auth: null,
69 verbose parsed url   host: null,
69 verbose parsed url   port: null,
69 verbose parsed url   hostname: null,
69 verbose parsed url   hash: null,
69 verbose parsed url   search: null,
69 verbose parsed url   query: null,
69 verbose parsed url   pathname: 'express@latest',
69 verbose parsed url   path: 'express@latest',
69 verbose parsed url   href: 'express@latest' }
70 verbose cache add name="socket.io" spec="latest" args=["socket.io","latest"]
71 verbose parsed url { protocol: null,
71 verbose parsed url   slashes: null,
71 verbose parsed url   auth: null,
71 verbose parsed url   host: null,
71 verbose parsed url   port: null,
71 verbose parsed url   hostname: null,
71 verbose parsed url   hash: null,
71 verbose parsed url   search: null,
71 verbose parsed url   query: null,
71 verbose parsed url   pathname: 'latest',
71 verbose parsed url   path: 'latest',
71 verbose parsed url   href: 'latest' }
72 verbose addNamed [ 'socket.io', 'latest' ]
73 verbose addNamed [ null, null ]
74 silly lockFile d01f6c55-socket-io-latest socket.io@latest
75 verbose lock socket.io@latest /home/somesh/.npm/d01f6c55-socket-io-latest.lock
76 verbose cache add [ 'jade@latest', null ]
77 verbose cache add name=undefined spec="jade@latest" args=["jade@latest",null]
78 verbose parsed url { protocol: null,
78 verbose parsed url   slashes: null,
78 verbose parsed url   auth: null,
78 verbose parsed url   host: null,
78 verbose parsed url   port: null,
78 verbose parsed url   hostname: null,
78 verbose parsed url   hash: null,
78 verbose parsed url   search: null,
78 verbose parsed url   query: null,
78 verbose parsed url   pathname: 'jade@latest',
78 verbose parsed url   path: 'jade@latest',
78 verbose parsed url   href: 'jade@latest' }
79 verbose cache add name="express" spec="latest" args=["express","latest"]
80 verbose parsed url { protocol: null,
80 verbose parsed url   slashes: null,
80 verbose parsed url   auth: null,
80 verbose parsed url   host: null,
80 verbose parsed url   port: null,
80 verbose parsed url   hostname: null,
80 verbose parsed url   hash: null,
80 verbose parsed url   search: null,
80 verbose parsed url   query: null,
80 verbose parsed url   pathname: 'latest',
80 verbose parsed url   path: 'latest',
80 verbose parsed url   href: 'latest' }
81 verbose addNamed [ 'express', 'latest' ]
82 verbose addNamed [ null, null ]
83 silly lockFile c30a01ab-express-latest express@latest
84 verbose lock express@latest /home/somesh/.npm/c30a01ab-express-latest.lock
85 info addNameTag [ 'ejs', 'ejs' ]
86 info addNameTag [ 'twit', 'latest' ]
87 info addNameTag [ 'angular', 'latest' ]
88 info addNameTag [ 'bootstrap', 'latest' ]
89 info addNameTag [ 'winston', 'latest' ]
90 info addNameTag [ 'morgan', 'latest' ]
91 verbose cache add name="jade" spec="latest" args=["jade","latest"]
92 verbose parsed url { protocol: null,
92 verbose parsed url   slashes: null,
92 verbose parsed url   auth: null,
92 verbose parsed url   host: null,
92 verbose parsed url   port: null,
92 verbose parsed url   hostname: null,
92 verbose parsed url   hash: null,
92 verbose parsed url   search: null,
92 verbose parsed url   query: null,
92 verbose parsed url   pathname: 'latest',
92 verbose parsed url   path: 'latest',
92 verbose parsed url   href: 'latest' }
93 verbose addNamed [ 'jade', 'latest' ]
94 verbose addNamed [ null, null ]
95 silly lockFile 50c7aeb0-jade-latest jade@latest
96 verbose lock jade@latest /home/somesh/.npm/50c7aeb0-jade-latest.lock
97 info addNameTag [ 'socket.io', 'latest' ]
98 info addNameTag [ 'express', 'latest' ]
99 info addNameTag [ 'jade', 'latest' ]
100 verbose registry.get https://registry.npmjs.org/ejs not expired, no request
101 silly lockFile c5d3bcac-ejs-ejs ejs@ejs
102 silly lockFile c5d3bcac-ejs-ejs ejs@ejs
103 verbose registry.get https://registry.npmjs.org/bootstrap not expired, no request
104 verbose addNamed [ 'bootstrap', '3.3.5' ]
105 verbose addNamed [ '3.3.5', '3.3.5' ]
106 silly lockFile 85083644-bootstrap-3-3-5 bootstrap@3.3.5
107 verbose lock bootstrap@3.3.5 /home/somesh/.npm/85083644-bootstrap-3-3-5.lock
108 verbose registry.get https://registry.npmjs.org/morgan not expired, no request
109 verbose addNamed [ 'morgan', '1.6.1' ]
110 verbose addNamed [ '1.6.1', '1.6.1' ]
111 silly lockFile 4ffca82c-morgan-1-6-1 morgan@1.6.1
112 verbose lock morgan@1.6.1 /home/somesh/.npm/4ffca82c-morgan-1-6-1.lock
113 verbose registry.get https://registry.npmjs.org/winston not expired, no request
114 verbose addNamed [ 'winston', '1.0.1' ]
115 verbose addNamed [ '1.0.1', '1.0.1' ]
116 silly lockFile 0d51e881-winston-1-0-1 winston@1.0.1
117 verbose lock winston@1.0.1 /home/somesh/.npm/0d51e881-winston-1-0-1.lock
118 verbose registry.get https://registry.npmjs.org/twit not expired, no request
119 verbose addNamed [ 'twit', '2.1.0' ]
120 verbose addNamed [ '2.1.0', '2.1.0' ]
121 silly lockFile 44771321-twit-2-1-0 twit@2.1.0
122 verbose lock twit@2.1.0 /home/somesh/.npm/44771321-twit-2-1-0.lock
123 verbose registry.get https://registry.npmjs.org/angular not expired, no request
124 verbose addNamed [ 'angular', '1.4.4' ]
125 verbose addNamed [ '1.4.4', '1.4.4' ]
126 silly lockFile bd48aeea-angular-1-4-4 angular@1.4.4
127 verbose lock angular@1.4.4 /home/somesh/.npm/bd48aeea-angular-1-4-4.lock
128 verbose registry.get https://registry.npmjs.org/socket.io not expired, no request
129 verbose addNamed [ 'socket.io', '1.3.6' ]
130 verbose addNamed [ '1.3.6', '1.3.6' ]
131 silly lockFile 79923448-socket-io-1-3-6 socket.io@1.3.6
132 verbose lock socket.io@1.3.6 /home/somesh/.npm/79923448-socket-io-1-3-6.lock
133 verbose registry.get https://registry.npmjs.org/express not expired, no request
134 verbose addNamed [ 'express', '4.13.3' ]
135 verbose addNamed [ '4.13.3', '4.13.3' ]
136 silly lockFile 51f1744e-express-4-13-3 express@4.13.3
137 verbose lock express@4.13.3 /home/somesh/.npm/51f1744e-express-4-13-3.lock
138 verbose registry.get https://registry.npmjs.org/jade not expired, no request
139 verbose addNamed [ 'jade', '1.11.0' ]
140 verbose addNamed [ '1.11.0', '1.11.0' ]
141 silly lockFile 3da033ff-jade-1-11-0 jade@1.11.0
142 verbose lock jade@1.11.0 /home/somesh/.npm/3da033ff-jade-1-11-0.lock
143 silly lockFile 85083644-bootstrap-3-3-5 bootstrap@3.3.5
144 silly lockFile 85083644-bootstrap-3-3-5 bootstrap@3.3.5
145 silly lockFile 4ffca82c-morgan-1-6-1 morgan@1.6.1
146 silly lockFile 4ffca82c-morgan-1-6-1 morgan@1.6.1
147 silly lockFile 0d51e881-winston-1-0-1 winston@1.0.1
148 silly lockFile 0d51e881-winston-1-0-1 winston@1.0.1
149 silly lockFile 44771321-twit-2-1-0 twit@2.1.0
150 silly lockFile 44771321-twit-2-1-0 twit@2.1.0
151 silly lockFile bd48aeea-angular-1-4-4 angular@1.4.4
152 silly lockFile bd48aeea-angular-1-4-4 angular@1.4.4
153 silly lockFile 77e03313-bootstrap-latest bootstrap@latest
154 silly lockFile 77e03313-bootstrap-latest bootstrap@latest
155 silly lockFile d2a09fff-morgan-latest morgan@latest
156 silly lockFile d2a09fff-morgan-latest morgan@latest
157 silly lockFile 5cafa890-winston-latest winston@latest
158 silly lockFile 5cafa890-winston-latest winston@latest
159 silly lockFile 1795233f-twit-latest twit@latest
160 silly lockFile 1795233f-twit-latest twit@latest
161 silly lockFile 6c758ed7-angular-latest angular@latest
162 silly lockFile 6c758ed7-angular-latest angular@latest
163 silly lockFile 79923448-socket-io-1-3-6 socket.io@1.3.6
164 silly lockFile 79923448-socket-io-1-3-6 socket.io@1.3.6
165 silly lockFile 51f1744e-express-4-13-3 express@4.13.3
166 silly lockFile 51f1744e-express-4-13-3 express@4.13.3
167 silly lockFile d01f6c55-socket-io-latest socket.io@latest
168 silly lockFile d01f6c55-socket-io-latest socket.io@latest
169 silly lockFile c30a01ab-express-latest express@latest
170 silly lockFile c30a01ab-express-latest express@latest
171 silly lockFile 3da033ff-jade-1-11-0 jade@1.11.0
172 silly lockFile 3da033ff-jade-1-11-0 jade@1.11.0
173 silly lockFile 50c7aeb0-jade-latest jade@latest
174 silly lockFile 50c7aeb0-jade-latest jade@latest
175 info already installed twit@2.1.0
176 info already installed winston@1.0.1
177 info already installed angular@1.4.4
178 info already installed morgan@1.6.1
179 info already installed bootstrap@3.3.5
180 info already installed express@4.13.3
181 info already installed socket.io@1.3.6
182 info already installed jade@1.11.0
183 error notarget No compatible version found: ejs@'ejs'
183 error notarget Valid install targets:
183 error notarget ["0.0.1","0.0.2","0.0.3","0.0.4","0.1.0","0.2.0","0.2.1","0.3.0","0.3.1","0.4.0","0.4.1","0.4.2","0.4.3","0.5.0","0.6.0","0.6.1","0.7.0","0.7.1","0.7.2","0.8.0","0.8.1","0.8.2","0.8.3","0.8.4","0.8.5","0.8.6","0.8.8","1.0.0","2.0.2","2.0.3","2.0.4","2.0.5","2.0.6","2.0.7","2.0.8","2.1.1","2.1.2","2.1.3","2.1.4","2.2.1","2.2.2","2.2.3","2.2.4","2.3.1","2.3.2","2.3.3"]
183 error notarget
183 error notarget This is most likely not a problem with npm itself.
183 error notarget In most cases you or one of your dependencies are requesting
183 error notarget a package version that doesn't exist.
184 error System Linux 3.13.0-59-generic
185 error command "/usr/bin/node" "/usr/bin/npm" "install"
186 error cwd /home/somesh/Desktop/node_twitter
187 error node -v v0.10.40
188 error npm -v 1.4.28
189 error code ETARGET
190 verbose exit [ 1, true ]
